nohup: ignoring input
[dotenv@17.3.1] injecting env (1) from .env -- tip: ⚙️  override existing env vars with { override: true }
Dashboard backend running on port 10000
Received submission request
Body: [Object: null prototype] { creator_id: '1' }
File: {
  fieldname: 'video',
  originalname: 'test.txt',
  encoding: '7bit',
  mimetype: 'text/plain',
  destination: '/home/userland/SeekReap-Tier-6-Dashboard/backend/uploads',
  filename: '1771940693716-240816145-test.txt',
  path: '/home/userland/SeekReap-Tier-6-Dashboard/backend/uploads/1771940693716-240816145-test.txt',
  size: 13
}
(node:27853) Warning: SECURITY WARNING: The SSL modes 'prefer', 'require', and 'verify-ca' are treated as aliases for 'verify-full'.
In the next major version (pg-connection-string v3.0.0 and pg v9.0.0), these modes will adopt standard libpq semantics, which have weaker security guarantees.

To prepare for this change:
- If you want the current behavior, explicitly use 'sslmode=verify-full'
- If you want libpq compatibility now, use 'uselibpqcompat=true&sslmode=require'

See https://www.postgresql.org/docs/current/libpq-ssl.html for libpq SSL mode definitions.
(Use `node --trace-warnings ...` to show where the warning was created)
Job created: {
  job_id: 20,
  creator_id: 1,
  content_id: '1771940693716-240816145-test.txt',
  job_type: 'video',
  params: {
    filePath: '/home/userland/SeekReap-Tier-6-Dashboard/backend/uploads/1771940693716-240816145-test.txt',
    fileSize: 13,
    filename: 'test.txt'
  },
  status: 'pending',
  started_at: null,
  completed_at: null,
  failure_reason: null,
  created_at: 2026-02-24T13:44:56.037Z
}
Received submission request
Body: {
  url: 'https://youtube.com/watch?v=123',
  creator_id: 1,
  job_type: 'url'
}
File: undefined
Job created: {
  job_id: 21,
  creator_id: 1,
  content_id: 'url-1771940696526',
  job_type: 'url',
  params: { url: 'https://youtube.com/watch?v=123' },
  status: 'pending',
  started_at: null,
  completed_at: null,
  failure_reason: null,
  created_at: 2026-02-24T13:44:56.560Z
}
MulterError: Unexpected field
    at wrappedFileFilter (/home/userland/SeekReap-Tier-6-Dashboard/backend/node_modules/multer/index.js:40:19)
    at Multipart.<anonymous> (/home/userland/SeekReap-Tier-6-Dashboard/backend/node_modules/multer/lib/make-middleware.js:132:7)
    at Multipart.emit (node:events:524:28)
    at HeaderParser.cb (/home/userland/SeekReap-Tier-6-Dashboard/backend/node_modules/busboy/lib/types/multipart.js:358:14)
    at HeaderParser.push (/home/userland/SeekReap-Tier-6-Dashboard/backend/node_modules/busboy/lib/types/multipart.js:162:20)
    at SBMH.ssCb [as _cb] (/home/userland/SeekReap-Tier-6-Dashboard/backend/node_modules/busboy/lib/types/multipart.js:394:37)
    at feed (/home/userland/SeekReap-Tier-6-Dashboard/backend/node_modules/streamsearch/lib/sbmh.js:248:10)
    at SBMH.push (/home/userland/SeekReap-Tier-6-Dashboard/backend/node_modules/streamsearch/lib/sbmh.js:104:16)
    at Multipart._write (/home/userland/SeekReap-Tier-6-Dashboard/backend/node_modules/busboy/lib/types/multipart.js:567:19)
    at writeOrBuffer (node:internal/streams/writable:572:12)
MulterError: Unexpected field
    at wrappedFileFilter (/home/userland/SeekReap-Tier-6-Dashboard/backend/node_modules/multer/index.js:40:19)
    at Multipart.<anonymous> (/home/userland/SeekReap-Tier-6-Dashboard/backend/node_modules/multer/lib/make-middleware.js:132:7)
    at Multipart.emit (node:events:524:28)
    at HeaderParser.cb (/home/userland/SeekReap-Tier-6-Dashboard/backend/node_modules/busboy/lib/types/multipart.js:358:14)
    at HeaderParser.push (/home/userland/SeekReap-Tier-6-Dashboard/backend/node_modules/busboy/lib/types/multipart.js:162:20)
    at SBMH.ssCb [as _cb] (/home/userland/SeekReap-Tier-6-Dashboard/backend/node_modules/busboy/lib/types/multipart.js:394:37)
    at feed (/home/userland/SeekReap-Tier-6-Dashboard/backend/node_modules/streamsearch/lib/sbmh.js:248:10)
    at SBMH.push (/home/userland/SeekReap-Tier-6-Dashboard/backend/node_modules/streamsearch/lib/sbmh.js:104:16)
    at Multipart._write (/home/userland/SeekReap-Tier-6-Dashboard/backend/node_modules/busboy/lib/types/multipart.js:567:19)
    at writeOrBuffer (node:internal/streams/writable:572:12)
MulterError: Unexpected field
    at wrappedFileFilter (/home/userland/SeekReap-Tier-6-Dashboard/backend/node_modules/multer/index.js:40:19)
    at Multipart.<anonymous> (/home/userland/SeekReap-Tier-6-Dashboard/backend/node_modules/multer/lib/make-middleware.js:132:7)
    at Multipart.emit (node:events:524:28)
    at HeaderParser.cb (/home/userland/SeekReap-Tier-6-Dashboard/backend/node_modules/busboy/lib/types/multipart.js:358:14)
    at HeaderParser.push (/home/userland/SeekReap-Tier-6-Dashboard/backend/node_modules/busboy/lib/types/multipart.js:162:20)
    at SBMH.ssCb [as _cb] (/home/userland/SeekReap-Tier-6-Dashboard/backend/node_modules/busboy/lib/types/multipart.js:394:37)
    at feed (/home/userland/SeekReap-Tier-6-Dashboard/backend/node_modules/streamsearch/lib/sbmh.js:248:10)
    at SBMH.push (/home/userland/SeekReap-Tier-6-Dashboard/backend/node_modules/streamsearch/lib/sbmh.js:104:16)
    at Multipart._write (/home/userland/SeekReap-Tier-6-Dashboard/backend/node_modules/busboy/lib/types/multipart.js:567:19)
    at writeOrBuffer (node:internal/streams/writable:572:12)
MulterError: Unexpected field
    at wrappedFileFilter (/home/userland/SeekReap-Tier-6-Dashboard/backend/node_modules/multer/index.js:40:19)
    at Multipart.<anonymous> (/home/userland/SeekReap-Tier-6-Dashboard/backend/node_modules/multer/lib/make-middleware.js:132:7)
    at Multipart.emit (node:events:524:28)
    at HeaderParser.cb (/home/userland/SeekReap-Tier-6-Dashboard/backend/node_modules/busboy/lib/types/multipart.js:358:14)
    at HeaderParser.push (/home/userland/SeekReap-Tier-6-Dashboard/backend/node_modules/busboy/lib/types/multipart.js:162:20)
    at SBMH.ssCb [as _cb] (/home/userland/SeekReap-Tier-6-Dashboard/backend/node_modules/busboy/lib/types/multipart.js:394:37)
    at feed (/home/userland/SeekReap-Tier-6-Dashboard/backend/node_modules/streamsearch/lib/sbmh.js:248:10)
    at SBMH.push (/home/userland/SeekReap-Tier-6-Dashboard/backend/node_modules/streamsearch/lib/sbmh.js:104:16)
    at Multipart._write (/home/userland/SeekReap-Tier-6-Dashboard/backend/node_modules/busboy/lib/types/multipart.js:567:19)
    at writeOrBuffer (node:internal/streams/writable:572:12)
MulterError: Unexpected field
    at wrappedFileFilter (/home/userland/SeekReap-Tier-6-Dashboard/backend/node_modules/multer/index.js:40:19)
    at Multipart.<anonymous> (/home/userland/SeekReap-Tier-6-Dashboard/backend/node_modules/multer/lib/make-middleware.js:132:7)
    at Multipart.emit (node:events:524:28)
    at HeaderParser.cb (/home/userland/SeekReap-Tier-6-Dashboard/backend/node_modules/busboy/lib/types/multipart.js:358:14)
    at HeaderParser.push (/home/userland/SeekReap-Tier-6-Dashboard/backend/node_modules/busboy/lib/types/multipart.js:162:20)
    at SBMH.ssCb [as _cb] (/home/userland/SeekReap-Tier-6-Dashboard/backend/node_modules/busboy/lib/types/multipart.js:394:37)
    at feed (/home/userland/SeekReap-Tier-6-Dashboard/backend/node_modules/streamsearch/lib/sbmh.js:248:10)
    at SBMH.push (/home/userland/SeekReap-Tier-6-Dashboard/backend/node_modules/streamsearch/lib/sbmh.js:104:16)
    at Multipart._write (/home/userland/SeekReap-Tier-6-Dashboard/backend/node_modules/busboy/lib/types/multipart.js:567:19)
    at writeOrBuffer (node:internal/streams/writable:572:12)
MulterError: Unexpected field
    at wrappedFileFilter (/home/userland/SeekReap-Tier-6-Dashboard/backend/node_modules/multer/index.js:40:19)
    at Multipart.<anonymous> (/home/userland/SeekReap-Tier-6-Dashboard/backend/node_modules/multer/lib/make-middleware.js:132:7)
    at Multipart.emit (node:events:524:28)
    at HeaderParser.cb (/home/userland/SeekReap-Tier-6-Dashboard/backend/node_modules/busboy/lib/types/multipart.js:358:14)
    at HeaderParser.push (/home/userland/SeekReap-Tier-6-Dashboard/backend/node_modules/busboy/lib/types/multipart.js:162:20)
    at SBMH.ssCb [as _cb] (/home/userland/SeekReap-Tier-6-Dashboard/backend/node_modules/busboy/lib/types/multipart.js:394:37)
    at feed (/home/userland/SeekReap-Tier-6-Dashboard/backend/node_modules/streamsearch/lib/sbmh.js:248:10)
    at SBMH.push (/home/userland/SeekReap-Tier-6-Dashboard/backend/node_modules/streamsearch/lib/sbmh.js:104:16)
    at Multipart._write (/home/userland/SeekReap-Tier-6-Dashboard/backend/node_modules/busboy/lib/types/multipart.js:567:19)
    at writeOrBuffer (node:internal/streams/writable:572:12)
Received submission request
Body: {
  url: 'https://youtube.com/watch?v=123',
  creator_id: 1,
  job_type: 'url'
}
File: undefined
Job created: {
  job_id: 22,
  creator_id: 1,
  content_id: 'url-1771946621105',
  job_type: 'url',
  params: { url: 'https://youtube.com/watch?v=123' },
  status: 'pending',
  started_at: null,
  completed_at: null,
  failure_reason: null,
  created_at: 2026-02-24T15:23:41.162Z
}
